<?xml version="1.0" encoding="utf-8"?>
<CoverageSession xmlns:xsd="http://www.w3.org/2001/XMLSchema" xmlns:xsi="http://www.w3.org/2001/XMLSchema-instance">
  <Summary numSequencePoints="10" visitedSequencePoints="10" numBranchPoints="2" visitedBranchPoints="2" sequenceCoverage="100" branchCoverage="100" maxCyclomaticComplexity="1" minCyclomaticComplexity="1" visitedClasses="1" numClasses="1" visitedMethods="2" numMethods="2" />
  <Modules>
    <Module skippedDueTo="Filter" hash="56-62-86-35-D9-27-41-CA-09-DB-2F-A0-FF-45-E2-DD-3A-B8-59-0F">
      <FullName>C:\WINDOWS\assembly\GAC_32\mscorlib\2.0.0.0__b77a5c561934e089\mscorlib.dll</FullName>
      <ModuleName>mscorlib</ModuleName>
      <Classes />
    </Module>
    <Module skippedDueTo="Filter" hash="F9-04-A8-31-CD-FB-23-72-95-63-5D-14-9A-A0-66-8E-7F-44-93-7A">
      <FullName>C:\WINDOWS\assembly\GAC_32\mscorlib\2.0.0.0__b77a5c561934e089\sorttbls.nlp</FullName>
      <ModuleName>mscorlib</ModuleName>
      <Classes />
    </Module>
    <Module skippedDueTo="Filter" hash="D9-51-D2-3D-8C-16-B3-35-50-E2-97-23-20-65-AF-AE-3E-3C-3D-FC">
      <FullName>C:\Users\chris\Documents\demoApp\demoApp\packages\NUnit.Runners.2.6.4\tools\nunit-console-x86.exe</FullName>
      <ModuleName>nunit-console-x86</ModuleName>
      <Classes />
    </Module>
    <Module skippedDueTo="Filter" hash="F2-ED-FF-09-01-C9-D7-BC-29-AC-A6-93-C5-97-8A-0D-43-DD-8D-F2">
      <FullName>C:\Users\chris\Documents\demoApp\demoApp\packages\NUnit.Runners.2.6.4\tools\lib\nunit-console-runner.dll</FullName>
      <ModuleName>nunit-console-runner</ModuleName>
      <Classes />
    </Module>
    <Module skippedDueTo="Filter" hash="36-B9-FF-C0-07-EA-59-4D-23-2E-FD-CD-5A-45-CF-C0-2C-42-2A-98">
      <FullName>C:\Users\chris\Documents\demoApp\demoApp\packages\NUnit.Runners.2.6.4\tools\lib\nunit.core.dll</FullName>
      <ModuleName>nunit.core</ModuleName>
      <Classes />
    </Module>
    <Module skippedDueTo="Filter" hash="14-C3-4B-3E-39-7A-EE-C0-B9-2F-83-44-2F-04-8A-F7-48-7B-67-DE">
      <FullName>C:\Users\chris\Documents\demoApp\demoApp\packages\NUnit.Runners.2.6.4\tools\lib\nunit.util.dll</FullName>
      <ModuleName>nunit.util</ModuleName>
      <Classes />
    </Module>
    <Module skippedDueTo="Filter" hash="5E-95-A6-AD-88-48-98-B1-62-7F-4E-5A-C1-0E-F3-B7-85-56-44-E8">
      <FullName>C:\Users\chris\Documents\demoApp\demoApp\packages\NUnit.Runners.2.6.4\tools\lib\nunit.core.interfaces.dll</FullName>
      <ModuleName>nunit.core.interfaces</ModuleName>
      <Classes />
    </Module>
    <Module skippedDueTo="Filter" hash="0F-82-09-6F-47-14-D9-A3-3B-F8-57-B9-B1-A6-46-3B-2A-2B-E9-CD">
      <FullName>C:\WINDOWS\assembly\GAC_MSIL\System.Configuration\2.0.0.0__b03f5f7f11d50a3a\System.Configuration.dll</FullName>
      <ModuleName>System.Configuration</ModuleName>
      <Classes />
    </Module>
    <Module skippedDueTo="Filter" hash="EA-92-38-5E-9D-EA-8A-E7-BE-16-8C-F4-09-EC-40-CC-43-49-4B-15">
      <FullName>C:\WINDOWS\assembly\GAC_MSIL\System\2.0.0.0__b77a5c561934e089\System.dll</FullName>
      <ModuleName>System</ModuleName>
      <Classes />
    </Module>
    <Module skippedDueTo="Filter" hash="E1-8C-D8-8A-50-BD-6D-E3-9B-47-F0-39-BE-8E-D1-2B-CF-25-89-2B">
      <FullName>C:\WINDOWS\assembly\GAC_MSIL\System.Xml\2.0.0.0__b77a5c561934e089\System.Xml.dll</FullName>
      <ModuleName>System.Xml</ModuleName>
      <Classes />
    </Module>
    <Module skippedDueTo="Filter" hash="6E-30-2E-50-36-FB-60-2C-8E-50-C0-83-54-8B-CC-EA-A8-91-B6-CC">
      <FullName>C:\WINDOWS\assembly\GAC_32\mscorlib\2.0.0.0__b77a5c561934e089\sortkey.nlp</FullName>
      <ModuleName>mscorlib</ModuleName>
      <Classes />
    </Module>
    <Module skippedDueTo="Filter" hash="16-C7-8D-BC-66-9E-99-9D-FA-F1-6B-E6-CD-B5-00-D9-FF-42-73-DC">
      <FullName>C:\WINDOWS\assembly\GAC_MSIL\System.Runtime.Remoting\2.0.0.0__b77a5c561934e089\System.Runtime.Remoting.dll</FullName>
      <ModuleName>System.Runtime.Remoting</ModuleName>
      <Classes />
    </Module>
    <Module skippedDueTo="Filter" hash="A6-15-3E-19-99-17-0F-DA-B2-A8-9F-43-BD-42-2D-79-C3-56-53-54">
      <FullName>C:\WINDOWS\Microsoft.Net\assembly\GAC_32\mscorlib\v4.0_4.0.0.0__b77a5c561934e089\mscorlib.dll</FullName>
      <ModuleName>mscorlib</ModuleName>
      <Classes />
    </Module>
    <Module skippedDueTo="Filter" hash="29-BC-32-15-21-E8-F9-6D-87-31-AF-AD-0B-21-31-A6-BB-2F-E4-00">
      <FullName>C:\Users\chris\Documents\demoApp\demoApp\packages\NUnit.Runners.2.6.4\tools\nunit-agent-x86.exe</FullName>
      <ModuleName>nunit-agent-x86</ModuleName>
      <Classes />
    </Module>
    <Module skippedDueTo="Filter" hash="36-B9-FF-C0-07-EA-59-4D-23-2E-FD-CD-5A-45-CF-C0-2C-42-2A-98">
      <FullName>C:\Users\chris\Documents\demoApp\demoApp\packages\NUnit.Runners.2.6.4\tools\lib\nunit.core.dll</FullName>
      <ModuleName>nunit.core</ModuleName>
      <Classes />
    </Module>
    <Module skippedDueTo="Filter" hash="14-C3-4B-3E-39-7A-EE-C0-B9-2F-83-44-2F-04-8A-F7-48-7B-67-DE">
      <FullName>C:\Users\chris\Documents\demoApp\demoApp\packages\NUnit.Runners.2.6.4\tools\lib\nunit.util.dll</FullName>
      <ModuleName>nunit.util</ModuleName>
      <Classes />
    </Module>
    <Module skippedDueTo="Filter" hash="5E-95-A6-AD-88-48-98-B1-62-7F-4E-5A-C1-0E-F3-B7-85-56-44-E8">
      <FullName>C:\Users\chris\Documents\demoApp\demoApp\packages\NUnit.Runners.2.6.4\tools\lib\nunit.core.interfaces.dll</FullName>
      <ModuleName>nunit.core.interfaces</ModuleName>
      <Classes />
    </Module>
    <Module skippedDueTo="Filter" hash="56-78-FC-2A-D1-E9-92-34-51-52-EB-C3-D0-DC-F7-11-27-76-72-E4">
      <FullName>C:\WINDOWS\Microsoft.Net\assembly\GAC_MSIL\System\v4.0_4.0.0.0__b77a5c561934e089\System.dll</FullName>
      <ModuleName>System</ModuleName>
      <Classes />
    </Module>
    <Module skippedDueTo="Filter" hash="3E-C4-6D-26-F3-07-93-45-B2-C1-FE-00-DA-ED-07-22-5F-A8-E6-93">
      <FullName>C:\WINDOWS\Microsoft.Net\assembly\GAC_MSIL\System.Runtime.Remoting\v4.0_4.0.0.0__b77a5c561934e089\System.Runtime.Remoting.dll</FullName>
      <ModuleName>System.Runtime.Remoting</ModuleName>
      <Classes />
    </Module>
    <Module skippedDueTo="Filter" hash="35-E9-46-2A-74-7E-97-F3-30-6A-54-64-87-BC-30-0C-76-42-05-6B">
      <FullName>C:\WINDOWS\Microsoft.Net\assembly\GAC_MSIL\System.Configuration\v4.0_4.0.0.0__b03f5f7f11d50a3a\System.Configuration.dll</FullName>
      <ModuleName>System.Configuration</ModuleName>
      <Classes />
    </Module>
    <Module skippedDueTo="Filter" hash="75-21-73-F7-19-DB-C9-14-68-D8-F2-4C-82-EF-EA-8D-7F-C1-16-47">
      <FullName>C:\WINDOWS\Microsoft.Net\assembly\GAC_MSIL\System.Xml\v4.0_4.0.0.0__b77a5c561934e089\System.Xml.dll</FullName>
      <ModuleName>System.Xml</ModuleName>
      <Classes />
    </Module>
    <Module skippedDueTo="Filter" hash="BB-61-68-98-B1-50-5E-2C-DC-20-7A-96-16-2C-9F-A4-66-49-F1-B4">
      <FullName>C:\WINDOWS\Microsoft.Net\assembly\GAC_32\System.Web\v4.0_4.0.0.0__b03f5f7f11d50a3a\System.Web.dll</FullName>
      <ModuleName>System.Web</ModuleName>
      <Classes />
    </Module>
    <Module skippedDueTo="Filter" hash="99-F2-D6-99-3E-C6-B7-D4-F8-9A-4F-E3-25-02-27-10-43-E4-44-D7">
      <FullName>C:\WINDOWS\assembly\GAC_32\System.Web\2.0.0.0__b03f5f7f11d50a3a\System.Web.dll</FullName>
      <ModuleName>System.Web</ModuleName>
      <Classes />
    </Module>
    <Module skippedDueTo="Filter" hash="36-B9-FF-C0-07-EA-59-4D-23-2E-FD-CD-5A-45-CF-C0-2C-42-2A-98">
      <FullName>C:\Users\chris\Documents\demoApp\demoApp\packages\NUnit.Runners.2.6.4\tools\lib\nunit.core.dll</FullName>
      <ModuleName>nunit.core</ModuleName>
      <Classes />
    </Module>
    <Module skippedDueTo="Filter" hash="56-78-FC-2A-D1-E9-92-34-51-52-EB-C3-D0-DC-F7-11-27-76-72-E4">
      <FullName>C:\WINDOWS\Microsoft.Net\assembly\GAC_MSIL\System\v4.0_4.0.0.0__b77a5c561934e089\System.dll</FullName>
      <ModuleName>System</ModuleName>
      <Classes />
    </Module>
    <Module skippedDueTo="Filter" hash="53-25-23-C6-63-70-35-C6-0C-82-04-1A-0A-BF-1A-E7-1F-EA-74-A3">
      <FullName>C:\Users\chris\Documents\demoApp\demoApp\packages\NUnit.Runners.2.6.4\tools\pnunit.framework.dll</FullName>
      <ModuleName>pnunit.framework</ModuleName>
      <Classes />
    </Module>
    <Module skippedDueTo="Filter" hash="21-69-E9-47-C6-F8-02-12-31-E6-18-DE-8E-43-24-C9-AB-F7-C2-BE">
      <FullName>C:\Users\chris\Documents\demoApp\demoApp\packages\NUnit.Runners.2.6.4\tools\pnunit-agent.exe</FullName>
      <ModuleName>pnunit-agent</ModuleName>
      <Classes />
    </Module>
    <Module skippedDueTo="Filter" hash="5E-95-A6-AD-88-48-98-B1-62-7F-4E-5A-C1-0E-F3-B7-85-56-44-E8">
      <FullName>C:\Users\chris\Documents\demoApp\demoApp\packages\NUnit.Runners.2.6.4\tools\lib\nunit.core.interfaces.dll</FullName>
      <ModuleName>nunit.core.interfaces</ModuleName>
      <Classes />
    </Module>
    <Module hash="D6-93-2A-E0-1C-E3-86-5A-65-BF-8F-66-9B-91-42-CA-05-B4-84-E2">
      <Summary numSequencePoints="10" visitedSequencePoints="10" numBranchPoints="2" visitedBranchPoints="2" sequenceCoverage="100" branchCoverage="100" maxCyclomaticComplexity="1" minCyclomaticComplexity="1" visitedClasses="1" numClasses="1" visitedMethods="2" numMethods="2" />
      <FullName>C:\Users\chris\Documents\demoApp\demoApp\UnitTestProject1\bin\Debug\UnitTestProject1.dll</FullName>
      <ModuleName>UnitTestProject1</ModuleName>
      <Files>
        <File uid="1" fullPath="C:\Users\chris\Documents\demoApp\demoApp\UnitTestProject1\CalculatorUnitTest.cs" />
      </Files>
      <Classes>
        <Class>
          <Summary numSequencePoints="0" visitedSequencePoints="0" numBranchPoints="0" visitedBranchPoints="0" sequenceCoverage="0" branchCoverage="0" maxCyclomaticComplexity="0" minCyclomaticComplexity="0" visitedClasses="0" numClasses="0" visitedMethods="0" numMethods="0" />
          <FullName>&lt;Module&gt;</FullName>
          <Methods />
        </Class>
        <Class>
          <Summary numSequencePoints="10" visitedSequencePoints="10" numBranchPoints="2" visitedBranchPoints="2" sequenceCoverage="100" branchCoverage="100" maxCyclomaticComplexity="1" minCyclomaticComplexity="1" visitedClasses="1" numClasses="1" visitedMethods="2" numMethods="2" />
          <FullName>UnitTestProject1.CalculatorUnitTest</FullName>
          <Methods>
            <Method visited="true" cyclomaticComplexity="1" sequenceCoverage="100" branchCoverage="100" isConstructor="false" isStatic="false" isGetter="false" isSetter="false">
              <Summary numSequencePoints="5" visitedSequencePoints="5" numBranchPoints="1" visitedBranchPoints="1" sequenceCoverage="100" branchCoverage="100" maxCyclomaticComplexity="1" minCyclomaticComplexity="1" visitedClasses="0" numClasses="0" visitedMethods="1" numMethods="1" />
              <MetadataToken>100663297</MetadataToken>
              <Name>System.Void UnitTestProject1.CalculatorUnitTest::Assert2plus3is5()</Name>
              <FileRef uid="1" />
              <SequencePoints>
                <SequencePoint vc="1" uspid="1" ordinal="0" offset="0" sl="13" sc="9" el="13" ec="10" bec="0" bev="0" fileid="1" />
                <SequencePoint vc="1" uspid="2" ordinal="1" offset="1" sl="14" sc="13" el="14" ec="40" bec="0" bev="0" fileid="1" />
                <SequencePoint vc="1" uspid="3" ordinal="2" offset="7" sl="15" sc="13" el="15" ec="50" bec="0" bev="0" fileid="1" />
                <SequencePoint vc="1" uspid="4" ordinal="3" offset="16" sl="16" sc="13" el="16" ec="39" bec="0" bev="0" fileid="1" />
                <SequencePoint vc="1" uspid="5" ordinal="4" offset="24" sl="17" sc="9" el="17" ec="10" bec="0" bev="0" fileid="1" />
              </SequencePoints>
              <BranchPoints />
              <MethodPoint xsi:type="SequencePoint" vc="1" uspid="1" ordinal="0" offset="0" sl="13" sc="9" el="13" ec="10" bec="0" bev="0" fileid="1" />
            </Method>
            <Method visited="true" cyclomaticComplexity="1" sequenceCoverage="100" branchCoverage="100" isConstructor="false" isStatic="false" isGetter="false" isSetter="false">
              <Summary numSequencePoints="5" visitedSequencePoints="5" numBranchPoints="1" visitedBranchPoints="1" sequenceCoverage="100" branchCoverage="100" maxCyclomaticComplexity="1" minCyclomaticComplexity="1" visitedClasses="0" numClasses="0" visitedMethods="1" numMethods="1" />
              <MetadataToken>100663298</MetadataToken>
              <Name>System.Void UnitTestProject1.CalculatorUnitTest::Assert5plus3is8()</Name>
              <FileRef uid="1" />
              <SequencePoints>
                <SequencePoint vc="1" uspid="6" ordinal="0" offset="0" sl="21" sc="9" el="21" ec="10" bec="0" bev="0" fileid="1" />
                <SequencePoint vc="1" uspid="7" ordinal="1" offset="1" sl="22" sc="13" el="22" ec="40" bec="0" bev="0" fileid="1" />
                <SequencePoint vc="1" uspid="8" ordinal="2" offset="7" sl="23" sc="13" el="23" ec="50" bec="0" bev="0" fileid="1" />
                <SequencePoint vc="1" uspid="9" ordinal="3" offset="16" sl="24" sc="13" el="24" ec="40" bec="0" bev="0" fileid="1" />
                <SequencePoint vc="1" uspid="10" ordinal="4" offset="24" sl="25" sc="9" el="25" ec="10" bec="0" bev="0" fileid="1" />
              </SequencePoints>
              <BranchPoints />
              <MethodPoint xsi:type="SequencePoint" vc="1" uspid="6" ordinal="0" offset="0" sl="21" sc="9" el="21" ec="10" bec="0" bev="0" fileid="1" />
            </Method>
            <Method visited="true" cyclomaticComplexity="1" sequenceCoverage="0" branchCoverage="0" isConstructor="true" isStatic="false" isGetter="false" isSetter="false">
              <Summary numSequencePoints="0" visitedSequencePoints="0" numBranchPoints="0" visitedBranchPoints="0" sequenceCoverage="0" branchCoverage="0" maxCyclomaticComplexity="1" minCyclomaticComplexity="1" visitedClasses="0" numClasses="0" visitedMethods="0" numMethods="0" />
              <MetadataToken>100663299</MetadataToken>
              <Name>System.Void UnitTestProject1.CalculatorUnitTest::.ctor()</Name>
              <SequencePoints />
              <BranchPoints />
              <MethodPoint vc="1" uspid="11" ordinal="0" offset="0" />
            </Method>
          </Methods>
        </Class>
      </Classes>
    </Module>
    <Module skippedDueTo="Filter" hash="A2-D0-DB-C9-20-FB-37-90-D4-D6-25-E5-C4-7B-E0-42-CA-32-C0-51">
      <FullName>C:\Users\chris\Documents\demoApp\demoApp\UnitTestProject1\bin\Debug\nunit.framework.dll</FullName>
      <ModuleName>nunit.framework</ModuleName>
      <Classes />
    </Module>
    <Module skippedDueTo="Filter" hash="F2-ED-FF-09-01-C9-D7-BC-29-AC-A6-93-C5-97-8A-0D-43-DD-8D-F2">
      <FullName>C:\Users\chris\Documents\demoApp\demoApp\packages\NUnit.Runners.2.6.4\tools\lib\nunit-console-runner.dll</FullName>
      <ModuleName>nunit-console-runner</ModuleName>
      <Classes />
    </Module>
    <Module skippedDueTo="Filter" hash="3E-C4-6D-26-F3-07-93-45-B2-C1-FE-00-DA-ED-07-22-5F-A8-E6-93">
      <FullName>C:\WINDOWS\Microsoft.Net\assembly\GAC_MSIL\System.Runtime.Remoting\v4.0_4.0.0.0__b77a5c561934e089\System.Runtime.Remoting.dll</FullName>
      <ModuleName>System.Runtime.Remoting</ModuleName>
      <Classes />
    </Module>
    <Module skippedDueTo="Filter" hash="35-E9-46-2A-74-7E-97-F3-30-6A-54-64-87-BC-30-0C-76-42-05-6B">
      <FullName>C:\WINDOWS\Microsoft.Net\assembly\GAC_MSIL\System.Configuration\v4.0_4.0.0.0__b03f5f7f11d50a3a\System.Configuration.dll</FullName>
      <ModuleName>System.Configuration</ModuleName>
      <Classes />
    </Module>
    <Module skippedDueTo="Filter" hash="75-21-73-F7-19-DB-C9-14-68-D8-F2-4C-82-EF-EA-8D-7F-C1-16-47">
      <FullName>C:\WINDOWS\Microsoft.Net\assembly\GAC_MSIL\System.Xml\v4.0_4.0.0.0__b77a5c561934e089\System.Xml.dll</FullName>
      <ModuleName>System.Xml</ModuleName>
      <Classes />
    </Module>
    <Module skippedDueTo="Filter" hash="B9-5B-10-36-40-AB-C2-B9-99-19-F8-2C-33-6F-AD-9F-EC-63-85-1D">
      <FullName>C:\Users\chris\Documents\demoApp\demoApp\UnitTestProject1\bin\Debug\demoCalculator.exe</FullName>
      <ModuleName>demoCalculator</ModuleName>
      <Classes />
    </Module>
    <Module skippedDueTo="Filter" hash="9C-BD-10-0D-B6-DF-EE-2B-EB-27-DA-26-68-CD-C4-4A-48-7F-7B-09">
      <FullName>C:\WINDOWS\assembly\GAC_MSIL\Microsoft.VisualStudio.QualityTools.UnitTestFramework\10.0.0.0__b03f5f7f11d50a3a\Microsoft.VisualStudio.QualityTools.UnitTestFramework.dll</FullName>
      <ModuleName>Microsoft.VisualStudio.QualityTools.UnitTestFramework</ModuleName>
      <Classes />
    </Module>
  </Modules>
</CoverageSession>